
[2017-10-31 14:29:35] main.ERROR: SQL Error: Duplicate entry '1' for key 'ownerId' [] []
[2017-10-31 14:29:35] main.ERROR:  in query: INSERT INTO `todos` (`task`,`dueDate`,`isDone`,`ownerId`) VALUES ('Buy car', '2017/10/31', 'pending', '1') [] []
[2017-10-31 14:30:38] main.ERROR: SQL Error: Duplicate entry '1' for key 'ownerId' [] []
[2017-10-31 14:30:38] main.ERROR:  in query: INSERT INTO `todos` (`task`,`dueDate`,`isDone`,`ownerId`) VALUES ('Buy Books', '2017/10/31', 'pending', '1') [] []
[2017-11-06 00:39:28] main.ERROR: Error: Unable to connect to MySQL server! Error: Access denied for user 'onq8_realestate'@'localhost' (using password: YES) [] []
[2017-11-06 16:00:34] main.ERROR: Error: Column 'userType' cannot be null [] []
[2017-11-06 16:00:34] main.ERROR: Query: INSERT INTO `users` (`name`,`userType`,`email`,`username`,`password`,`phone`) VALUES ('adam', NULL, 'adam@adam.com', 'adamm', '$2y$10$csdxFn6Y6WKCsAc2nuKlOOH3R/Hw983lbQoAcyEIiGDDjAfdiB1Bq', '(514)619-6420 ') [] []
[2017-11-06 16:02:50] main.ERROR: Error: Column 'userType' cannot be null [] []
[2017-11-06 16:02:50] main.ERROR: Query: INSERT INTO `users` (`name`,`userType`,`email`,`username`,`password`,`phone`) VALUES ('adam', NULL, 'adam@adam.com', 'adamm', '$2y$10$EorpYAx6GlKmG3tX7mIpWOOANrED.HzxkLhi26u8Kyfdfeok/70vm', '(514)619-6420 ') [] []
[2017-11-06 16:06:33] main.ERROR: Error: Column 'userType' cannot be null [] []
[2017-11-06 16:06:33] main.ERROR: Query: INSERT INTO `users` (`name`,`userType`,`email`,`username`,`password`,`phone`) VALUES ('adam', NULL, 'adam@adam.com', 'adamm', '$2y$10$apSl/0uLDxErJXDIgnYdeef8hlfXioe/jfLRNDcHEb3E8LQ4HoUKG', '(514)619-6420 ') [] []
[2017-11-06 16:08:22] main.ERROR: Error: Column 'userType' cannot be null [] []
[2017-11-06 16:08:22] main.ERROR: Query: INSERT INTO `users` (`name`,`userType`,`email`,`username`,`password`,`phone`) VALUES ('adam', NULL, 'adam@adam.com', 'adamm', '$2y$10$/4vekOImH0kas/n2ycFEF.Usev36gYLZgGJiZ7u82H8LqBKIExyHS', '(514)619-6420 ') [] []
[2017-11-06 16:09:36] main.ERROR: Error: Column 'userType' cannot be null [] []
[2017-11-06 16:09:36] main.ERROR: Query: INSERT INTO `users` (`name`,`userType`,`email`,`username`,`password`,`phone`) VALUES ('adam', NULL, 'adam@adam.com', 'adamm', '$2y$10$PmUfPg3bHq7nUCBHBcUk6.6v5mEJ9M0.ovco7fgqdWz21HEMKfUMG', '(514)619-6420 ') [] []
[2017-11-06 16:09:38] main.ERROR: Error: Column 'userType' cannot be null [] []
[2017-11-06 16:09:38] main.ERROR: Query: INSERT INTO `users` (`name`,`userType`,`email`,`username`,`password`,`phone`) VALUES ('adam', NULL, 'adam@adam.com', 'adamm', '$2y$10$NEP7sBzIXUbwCun.PucJ.e81fz363mJMtkR6.4dzlhvvTCCWa.G32', '(514)619-6420 ') [] []
[2017-11-06 16:10:26] main.ERROR: Error: Column 'userType' cannot be null [] []
[2017-11-06 16:10:26] main.ERROR: Query: INSERT INTO `users` (`name`,`userType`,`email`,`username`,`password`,`phone`) VALUES ('adam', NULL, 'adam@adam.com', 'adamm', '$2y$10$OpvYPR80T0USeDgPVnAiYufp8mypKoA0jI5DcUSyDm2xtYJDqpkIi', '(514)619-6420 ') [] []
[2017-11-06 16:11:15] main.ERROR: Error: Column 'userType' cannot be null [] []
[2017-11-06 16:11:15] main.ERROR: Query: INSERT INTO `users` (`name`,`userType`,`email`,`username`,`password`,`phone`) VALUES ('adam', NULL, 'adam@adam.com', 'adamm', '$2y$10$VAlcM1OnaE6JoWJN4kcRmeihZiIJeYDYHy0w1I.lTcfnU8j9eHOfK', '(514)619-6420 ') [] []
[2017-11-06 16:12:30] main.ERROR: Error: Column 'userType' cannot be null [] []
[2017-11-06 16:12:30] main.ERROR: Query: INSERT INTO `users` (`name`,`userType`,`email`,`username`,`password`,`phone`) VALUES ('adam', NULL, 'adam@adam.com', 'adamm', '$2y$10$SZUUUKhc3DWBIFf7dz0Nm.ntDxMc/OsFRoeyjXerGerXIF1bkF1zm', '(514)619-6420 ') [] []
[2017-11-06 16:12:57] main.ERROR: Error: Column 'userType' cannot be null [] []
[2017-11-06 16:12:57] main.ERROR: Query: INSERT INTO `users` (`name`,`userType`,`email`,`username`,`password`,`phone`) VALUES ('adam', NULL, 'adam@adam.com', 'adamm', '$2y$10$EdCnIyOFtoS5kNUFy5lBAuR2TIUgP1jwG2.h3za/BQMuLzbLFA1Ty', '(514)619-6420 ') [] []
[2017-11-06 16:16:42] main.ERROR: Error: Column 'userType' cannot be null [] []
[2017-11-06 16:16:42] main.ERROR: Query: INSERT INTO `users` (`name`,`userType`,`email`,`username`,`password`,`phone`) VALUES ('adam', NULL, 'adam@adam.com', 'adamm', '$2y$10$KTh9oAiKFA8/.nb2PIFEG.zixPRR.psnUNLxkhENr9cA/Wp0jbkzK', '(514)619-6420 ') [] []
[2017-11-06 16:16:47] main.ERROR: Error: Column 'userType' cannot be null [] []
[2017-11-06 16:16:47] main.ERROR: Query: INSERT INTO `users` (`name`,`userType`,`email`,`username`,`password`,`phone`) VALUES ('adam', NULL, 'adam@adam.com', 'adamm', '$2y$10$wj7Xw/FnpWg8RSSpCbZQwOiChiEFwVvwryZ9dA3.8hrCUJTp0tNYy', '(514)619-6420 ') [] []
[2017-11-06 16:18:17] main.ERROR: Error: Column 'userType' cannot be null [] []
[2017-11-06 16:18:17] main.ERROR: Query: INSERT INTO `users` (`name`,`userType`,`email`,`username`,`password`,`phone`) VALUES ('adam', NULL, 'adam@adam.com', 'adamm', '$2y$10$wpgBGh84EmdMVhdp/50wu.EZjoaps/ugcFkwtaUFdKyMRkSeYk4N.', '(514)619-6420 ') [] []
[2017-11-06 16:21:49] main.ERROR: Error: Column 'userType' cannot be null [] []
[2017-11-06 16:21:49] main.ERROR: Query: INSERT INTO `users` (`name`,`userType`,`email`,`username`,`password`,`phone`) VALUES ('adam', NULL, 'adam@adam.com', 'adamm', '$2y$10$2GZfe5wW4OEYrLUwB.NjbejWgVCNrvntBtfC.2zBXWZsozIgAZUSC', '(514)619-6420 ') [] []
[2017-11-06 16:24:37] main.ERROR: Error: Column 'userType' cannot be null [] []
[2017-11-06 16:24:37] main.ERROR: Query: INSERT INTO `users` (`name`,`userType`,`email`,`username`,`password`,`phone`) VALUES ('adam', NULL, 'adam@adam.com', 'adamm', '$2y$10$.6Lkvdgq8HwsJl8Q7fnej.j90isGpt09HshqIslBTSXRbXjsVNAPG', '(514)619-6420 ') [] []
[2017-11-06 16:24:39] main.ERROR: Error: Column 'userType' cannot be null [] []
[2017-11-06 16:24:39] main.ERROR: Query: INSERT INTO `users` (`name`,`userType`,`email`,`username`,`password`,`phone`) VALUES ('adam', NULL, 'adam@adam.com', 'adamm', '$2y$10$O0kz0FuX2Z1b4R.FuDNw5epxAHcdk0om.kdN2MdsOXHhOAGOducJm', '(514)619-6420 ') [] []
[2017-11-06 16:25:30] main.ERROR: Error: Column 'userType' cannot be null [] []
[2017-11-06 16:25:30] main.ERROR: Query: INSERT INTO `users` (`name`,`userType`,`email`,`username`,`password`,`phone`) VALUES ('adam', NULL, 'adam@adam.com', 'adamm', '$2y$10$nuKV0UpDZRGJcVbYaDDjV.3c3Tnk/ODN4TyxDNcQwhVwnyBQAjqSe', '(514)619-6420 ') [] []
[2017-11-06 16:25:32] main.ERROR: Error: Column 'userType' cannot be null [] []
[2017-11-06 16:25:32] main.ERROR: Query: INSERT INTO `users` (`name`,`userType`,`email`,`username`,`password`,`phone`) VALUES ('adam', NULL, 'adam@adam.com', 'adamm', '$2y$10$ihPgRxLysTX4FI/ccfHg5eRX4tY9cI0l9J60GnXa54.DuTxNC5Kv6', '(514)619-6420 ') [] []
[2017-11-06 16:27:14] main.ERROR: Error: Column 'userType' cannot be null [] []
[2017-11-06 16:27:14] main.ERROR: Query: INSERT INTO `users` (`name`,`userType`,`email`,`username`,`password`,`phone`) VALUES ('adam', NULL, 'adam@adam.com', 'adamm', '$2y$10$NQf8mo13BbJFAnue1P4/DOk6pmanmOqLjw0LdlvKZE1SRHqe9JsCe', '(514)619-6420 ') [] []
[2017-11-06 16:27:40] main.ERROR: Error: Column 'userType' cannot be null [] []
[2017-11-06 16:27:40] main.ERROR: Query: INSERT INTO `users` (`name`,`userType`,`email`,`username`,`password`,`phone`) VALUES ('adam', NULL, 'adam@adam.com', 'adamm', '$2y$10$8HlfgLmv0Dt/imj3VEnWx.ERcAVbsf3W5LNpW3J2LQW7kZUJkaFyi', '(514)619-6420 ') [] []
[2017-11-06 16:28:02] main.ERROR: Error: Column 'userType' cannot be null [] []
[2017-11-06 16:28:02] main.ERROR: Query: INSERT INTO `users` (`name`,`userType`,`email`,`username`,`password`,`phone`) VALUES ('adam', NULL, 'adam@adam.com', 'adamm', '$2y$10$rA7.yJqy4XKuOnCvLqyQtu1Chy9q2o98/gP9FjQsH7CAkMCd3ydQy', '(514)619-6420 ') [] []
[2017-11-06 16:28:13] main.ERROR: Error: Column 'userType' cannot be null [] []
[2017-11-06 16:28:13] main.ERROR: Query: INSERT INTO `users` (`name`,`userType`,`email`,`username`,`password`,`phone`) VALUES ('adam', NULL, 'adam@adam.com', 'adamm', '$2y$10$dzKhjzBNQhcVRqm0HwuIyOpLpGRSWcr/oX9MF8YDpE4JCWIPvpqHe', '(514)619-6420 ') [] []
[2017-11-06 16:34:54] main.ERROR: Error: Column 'userType' cannot be null [] []
[2017-11-06 16:34:54] main.ERROR: Query: INSERT INTO `users` (`name`,`userType`,`email`,`username`,`password`,`phone`) VALUES ('ayten', NULL, 'ayten@ayten.com', 'ayten', '$2y$10$vVTNy0AhAe6Et0BMXEFloOl30/py9Wk7Oqcj0O8yoezQ/ls4rYWcS', '(514)619-6420 ') [] []
[2017-11-06 16:51:24] main.ERROR: Error: Column 'userType' cannot be null [] []
[2017-11-06 16:51:24] main.ERROR: Query: INSERT INTO `users` (`name`,`userType`,`email`,`username`,`password`,`phone`) VALUES ('mohamed', NULL, 'mo2menuc@gmail.com', 'mo2men', '$2y$10$xqzVFbr9qnvs3dViF1UTN.czfEpNOkvWw1x2VqH65WJBjBeL5xXdq', '(514)619-6420 ') [] []
[2017-11-06 16:54:18] main.ERROR: Error: Column 'userType' cannot be null [] []
[2017-11-06 16:54:18] main.ERROR: Query: INSERT INTO `users` (`name`,`userType`,`email`,`username`,`password`,`phone`) VALUES ('mohamed', NULL, 'mo2menuc@gmail.com', 'mo2men', '$2y$10$JzTgswbAw5PfIqKlfMULbOUhSKN9cN4qJ0mGpRkSSfDDrZxP/uX7u', '(514)619-6420 ') [] []
[2017-11-06 17:06:42] main.ERROR: Error: Column 'userType' cannot be null [] []
[2017-11-06 17:06:42] main.ERROR: Query: INSERT INTO `users` (`name`,`userType`,`email`,`username`,`password`,`phone`) VALUES ('adam', NULL, 'adam@adam.com', 'adamm', '$2y$10$9EGcB2LfiogjQt8PkpxJ2.QMaQm3i4MJrybdjWyrKYdB4VXjZl6j.', NULL) [] []
[2017-11-06 18:00:56] main.ERROR: Error: Column 'userType' cannot be null [] []
[2017-11-06 18:00:56] main.ERROR: Query: INSERT INTO `users` (`name`,`userType`,`email`,`username`,`password`,`phone`) VALUES ('mohamed', NULL, 'mohamed@mohamed.com', 'mohamed', '$2y$10$px/aT9N.IIRI/RWqQDieMO37iPObmFD3rke67OYuw45x98zCRA6Xa', '(514)619-6420 ') [] []
[2017-11-08 09:16:45] main.ERROR: SQL ERROR: Unable to connect to MySQL server! Error: Access denied for user 'onq8_realestate'@'23.252.46.242' (using password: YES) [] []
[2017-11-08 15:48:55] main.ERROR: SQL ERROR: Unable to connect to MySQL server! Error: Access denied for user 'onq8_realestate'@'fg.johnabbott.qc.ca' (using password: YES) [] []
[2017-11-08 17:06:43] main.ERROR: SQL ERROR: Unable to connect to MySQL server! Error: Access denied for user 'onq8_realestate'@'fg.johnabbott.qc.ca' (using password: YES) [] []
[2017-11-08 17:06:45] main.ERROR: SQL ERROR: Unable to connect to MySQL server! Error: Access denied for user 'onq8_realestate'@'fg.johnabbott.qc.ca' (using password: YES) [] []
[2017-11-08 17:06:45] main.ERROR: SQL ERROR: Unable to connect to MySQL server! Error: Access denied for user 'onq8_realestate'@'fg.johnabbott.qc.ca' (using password: YES) [] []
[2017-11-08 17:06:47] main.ERROR: SQL ERROR: Unable to connect to MySQL server! Error: Access denied for user 'onq8_realestate'@'fg.johnabbott.qc.ca' (using password: YES) [] []
[2017-11-08 17:06:56] main.ERROR: SQL ERROR: Unable to connect to MySQL server! Error: Access denied for user 'onq8_realestate'@'fg.johnabbott.qc.ca' (using password: YES) [] []
[2017-11-08 17:09:29] main.ERROR: SQL ERROR: Unable to connect to MySQL server! Error: Access denied for user 'onq8_realestate'@'fg.johnabbott.qc.ca' (using password: YES) [] []
[2017-11-08 17:10:09] main.ERROR: SQL ERROR: Unable to connect to MySQL server! Error: Access denied for user 'onq8_realestate'@'fg.johnabbott.qc.ca' (using password: YES) [] []
[2017-11-08 17:10:14] main.ERROR: SQL ERROR: Unable to connect to MySQL server! Error: Access denied for user 'onq8_realestate'@'fg.johnabbott.qc.ca' (using password: YES) [] []
[2017-11-08 17:10:28] main.ERROR: SQL ERROR: Unable to connect to MySQL server! Error: Access denied for user 'onq8_realestate'@'fg.johnabbott.qc.ca' (using password: YES) [] []
[2017-11-08 17:10:40] main.ERROR: SQL ERROR: Unable to connect to MySQL server! Error: Access denied for user 'onq8_realestate'@'fg.johnabbott.qc.ca' (using password: YES) [] []
[2017-11-08 17:23:12] main.ERROR: SQL ERROR: Unable to connect to MySQL server! Error: Access denied for user 'onq8_realestate'@'fg.johnabbott.qc.ca' (using password: YES) [] []
[2017-11-08 17:28:35] main.ERROR: SQL ERROR: Unable to connect to MySQL server! Error: Access denied for user 'onq8_realestate'@'fg.johnabbott.qc.ca' (using password: YES) [] []
[2017-11-08 17:39:42] main.ERROR: SQL ERROR: Unable to connect to MySQL server! Error: Access denied for user 'onq8_realestate'@'fg.johnabbott.qc.ca' (using password: YES) [] []
[2017-11-08 17:39:42] main.ERROR: SQL ERROR: Unable to connect to MySQL server! Error: Access denied for user 'onq8_realestate'@'fg.johnabbott.qc.ca' (using password: YES) [] []
[2017-11-08 17:39:42] main.ERROR: SQL ERROR: Unable to connect to MySQL server! Error: Access denied for user 'onq8_realestate'@'fg.johnabbott.qc.ca' (using password: YES) [] []
[2017-11-08 17:39:43] main.ERROR: SQL ERROR: Unable to connect to MySQL server! Error: Access denied for user 'onq8_realestate'@'fg.johnabbott.qc.ca' (using password: YES) [] []
[2017-11-08 17:39:43] main.ERROR: SQL ERROR: Unable to connect to MySQL server! Error: Access denied for user 'onq8_realestate'@'fg.johnabbott.qc.ca' (using password: YES) [] []
[2017-11-08 17:39:43] main.ERROR: SQL ERROR: Unable to connect to MySQL server! Error: Access denied for user 'onq8_realestate'@'fg.johnabbott.qc.ca' (using password: YES) [] []
[2017-11-08 17:39:43] main.ERROR: SQL ERROR: Unable to connect to MySQL server! Error: Access denied for user 'onq8_realestate'@'fg.johnabbott.qc.ca' (using password: YES) [] []
[2017-11-08 17:39:44] main.ERROR: SQL ERROR: Unable to connect to MySQL server! Error: Access denied for user 'onq8_realestate'@'fg.johnabbott.qc.ca' (using password: YES) [] []
[2017-11-08 17:39:44] main.ERROR: SQL ERROR: Unable to connect to MySQL server! Error: Access denied for user 'onq8_realestate'@'fg.johnabbott.qc.ca' (using password: YES) [] []
[2017-11-08 17:39:44] main.ERROR: SQL ERROR: Unable to connect to MySQL server! Error: Access denied for user 'onq8_realestate'@'fg.johnabbott.qc.ca' (using password: YES) [] []
[2017-11-08 17:39:44] main.ERROR: SQL ERROR: Unable to connect to MySQL server! Error: Access denied for user 'onq8_realestate'@'fg.johnabbott.qc.ca' (using password: YES) [] []
[2017-11-08 17:39:44] main.ERROR: SQL ERROR: Unable to connect to MySQL server! Error: Access denied for user 'onq8_realestate'@'fg.johnabbott.qc.ca' (using password: YES) [] []
[2017-11-08 17:39:45] main.ERROR: SQL ERROR: Unable to connect to MySQL server! Error: Access denied for user 'onq8_realestate'@'fg.johnabbott.qc.ca' (using password: YES) [] []
[2017-11-08 17:39:45] main.ERROR: SQL ERROR: Unable to connect to MySQL server! Error: Access denied for user 'onq8_realestate'@'fg.johnabbott.qc.ca' (using password: YES) [] []
[2017-11-08 17:39:45] main.ERROR: SQL ERROR: Unable to connect to MySQL server! Error: Access denied for user 'onq8_realestate'@'fg.johnabbott.qc.ca' (using password: YES) [] []
[2017-11-08 17:39:45] main.ERROR: SQL ERROR: Unable to connect to MySQL server! Error: Access denied for user 'onq8_realestate'@'fg.johnabbott.qc.ca' (using password: YES) [] []
[2017-11-08 17:39:46] main.ERROR: SQL ERROR: Unable to connect to MySQL server! Error: Access denied for user 'onq8_realestate'@'fg.johnabbott.qc.ca' (using password: YES) [] []
[2017-11-08 17:39:46] main.ERROR: SQL ERROR: Unable to connect to MySQL server! Error: Access denied for user 'onq8_realestate'@'fg.johnabbott.qc.ca' (using password: YES) [] []
[2017-11-08 17:39:46] main.ERROR: SQL ERROR: Unable to connect to MySQL server! Error: Access denied for user 'onq8_realestate'@'fg.johnabbott.qc.ca' (using password: YES) [] []
[2017-11-08 17:39:46] main.ERROR: SQL ERROR: Unable to connect to MySQL server! Error: Access denied for user 'onq8_realestate'@'fg.johnabbott.qc.ca' (using password: YES) [] []
[2017-11-08 17:39:47] main.ERROR: SQL ERROR: Unable to connect to MySQL server! Error: Access denied for user 'onq8_realestate'@'fg.johnabbott.qc.ca' (using password: YES) [] []
[2017-11-08 17:39:47] main.ERROR: SQL ERROR: Unable to connect to MySQL server! Error: Access denied for user 'onq8_realestate'@'fg.johnabbott.qc.ca' (using password: YES) [] []
[2017-11-08 17:39:47] main.ERROR: SQL ERROR: Unable to connect to MySQL server! Error: Access denied for user 'onq8_realestate'@'fg.johnabbott.qc.ca' (using password: YES) [] []
[2017-11-08 17:39:47] main.ERROR: SQL ERROR: Unable to connect to MySQL server! Error: Access denied for user 'onq8_realestate'@'fg.johnabbott.qc.ca' (using password: YES) [] []
[2017-11-08 17:39:47] main.ERROR: SQL ERROR: Unable to connect to MySQL server! Error: Access denied for user 'onq8_realestate'@'fg.johnabbott.qc.ca' (using password: YES) [] []
[2017-11-08 17:39:48] main.ERROR: SQL ERROR: Unable to connect to MySQL server! Error: Access denied for user 'onq8_realestate'@'fg.johnabbott.qc.ca' (using password: YES) [] []
[2017-11-08 17:39:48] main.ERROR: SQL ERROR: Unable to connect to MySQL server! Error: Access denied for user 'onq8_realestate'@'fg.johnabbott.qc.ca' (using password: YES) [] []
[2017-11-08 17:39:48] main.ERROR: SQL ERROR: Unable to connect to MySQL server! Error: Access denied for user 'onq8_realestate'@'fg.johnabbott.qc.ca' (using password: YES) [] []
[2017-11-08 17:39:48] main.ERROR: SQL ERROR: Unable to connect to MySQL server! Error: Access denied for user 'onq8_realestate'@'fg.johnabbott.qc.ca' (using password: YES) [] []
[2017-11-08 17:39:49] main.ERROR: SQL ERROR: Unable to connect to MySQL server! Error: Access denied for user 'onq8_realestate'@'fg.johnabbott.qc.ca' (using password: YES) [] []
[2017-11-08 17:39:49] main.ERROR: SQL ERROR: Unable to connect to MySQL server! Error: Access denied for user 'onq8_realestate'@'fg.johnabbott.qc.ca' (using password: YES) [] []
[2017-11-08 17:39:49] main.ERROR: SQL ERROR: Unable to connect to MySQL server! Error: Access denied for user 'onq8_realestate'@'fg.johnabbott.qc.ca' (using password: YES) [] []
[2017-11-08 17:39:49] main.ERROR: SQL ERROR: Unable to connect to MySQL server! Error: Access denied for user 'onq8_realestate'@'fg.johnabbott.qc.ca' (using password: YES) [] []
[2017-11-08 17:39:49] main.ERROR: SQL ERROR: Unable to connect to MySQL server! Error: Access denied for user 'onq8_realestate'@'fg.johnabbott.qc.ca' (using password: YES) [] []
[2017-11-08 17:39:50] main.ERROR: SQL ERROR: Unable to connect to MySQL server! Error: Access denied for user 'onq8_realestate'@'fg.johnabbott.qc.ca' (using password: YES) [] []
[2017-11-08 17:39:50] main.ERROR: SQL ERROR: Unable to connect to MySQL server! Error: Access denied for user 'onq8_realestate'@'fg.johnabbott.qc.ca' (using password: YES) [] []
[2017-11-08 17:39:58] main.ERROR: SQL ERROR: Unable to connect to MySQL server! Error: Access denied for user 'onq8_realestate'@'fg.johnabbott.qc.ca' (using password: YES) [] []
[2017-11-08 18:50:23] main.ERROR: SQL ERROR: Unable to connect to MySQL server! Error: Access denied for user 'onq8_realestate2'@'fg.johnabbott.qc.ca' (using password: YES) [] []
[2017-11-08 18:50:23] main.ERROR: SQL ERROR: Unable to connect to MySQL server! Error: Access denied for user 'onq8_realestate2'@'fg.johnabbott.qc.ca' (using password: YES) [] []
[2017-11-08 18:50:23] main.ERROR: SQL ERROR: Unable to connect to MySQL server! Error: Access denied for user 'onq8_realestate2'@'fg.johnabbott.qc.ca' (using password: YES) [] []
[2017-11-08 18:50:24] main.ERROR: SQL ERROR: Unable to connect to MySQL server! Error: Access denied for user 'onq8_realestate2'@'fg.johnabbott.qc.ca' (using password: YES) [] []
[2017-11-08 18:50:24] main.ERROR: SQL ERROR: Unable to connect to MySQL server! Error: Access denied for user 'onq8_realestate2'@'fg.johnabbott.qc.ca' (using password: YES) [] []
[2017-11-08 18:50:24] main.ERROR: SQL ERROR: Unable to connect to MySQL server! Error: Access denied for user 'onq8_realestate2'@'fg.johnabbott.qc.ca' (using password: YES) [] []
[2017-11-08 18:50:24] main.ERROR: SQL ERROR: Unable to connect to MySQL server! Error: Access denied for user 'onq8_realestate2'@'fg.johnabbott.qc.ca' (using password: YES) [] []
[2017-11-08 18:50:25] main.ERROR: SQL ERROR: Unable to connect to MySQL server! Error: Access denied for user 'onq8_realestate2'@'fg.johnabbott.qc.ca' (using password: YES) [] []
[2017-11-08 18:50:25] main.ERROR: SQL ERROR: Unable to connect to MySQL server! Error: Access denied for user 'onq8_realestate2'@'fg.johnabbott.qc.ca' (using password: YES) [] []
[2017-11-08 18:50:25] main.ERROR: SQL ERROR: Unable to connect to MySQL server! Error: Access denied for user 'onq8_realestate2'@'fg.johnabbott.qc.ca' (using password: YES) [] []
[2017-11-08 18:50:25] main.ERROR: SQL ERROR: Unable to connect to MySQL server! Error: Access denied for user 'onq8_realestate2'@'fg.johnabbott.qc.ca' (using password: YES) [] []
[2017-11-08 18:50:26] main.ERROR: SQL ERROR: Unable to connect to MySQL server! Error: Access denied for user 'onq8_realestate2'@'fg.johnabbott.qc.ca' (using password: YES) [] []
[2017-11-08 18:50:26] main.ERROR: SQL ERROR: Unable to connect to MySQL server! Error: Access denied for user 'onq8_realestate2'@'fg.johnabbott.qc.ca' (using password: YES) [] []
[2017-11-08 18:50:27] main.ERROR: SQL ERROR: Unable to connect to MySQL server! Error: Access denied for user 'onq8_realestate2'@'fg.johnabbott.qc.ca' (using password: YES) [] []
[2017-11-08 18:50:43] main.ERROR: SQL ERROR: Unable to connect to MySQL server! Error: Access denied for user 'onq8_realestate2'@'fg.johnabbott.qc.ca' (using password: YES) [] []
[2017-11-08 19:01:05] main.ERROR: SQL ERROR: Unable to connect to MySQL server! Error: Access denied for user 'onq8_realestate2'@'fg.johnabbott.qc.ca' (using password: YES) [] []
[2017-11-08 19:01:05] main.ERROR: SQL ERROR: Unable to connect to MySQL server! Error: Access denied for user 'onq8_realestate2'@'fg.johnabbott.qc.ca' (using password: YES) [] []
[2017-11-08 19:01:05] main.ERROR: SQL ERROR: Unable to connect to MySQL server! Error: Access denied for user 'onq8_realestate2'@'fg.johnabbott.qc.ca' (using password: YES) [] []
[2017-11-08 19:01:05] main.ERROR: SQL ERROR: Unable to connect to MySQL server! Error: Access denied for user 'onq8_realestate2'@'fg.johnabbott.qc.ca' (using password: YES) [] []
[2017-11-08 19:01:05] main.ERROR: SQL ERROR: Unable to connect to MySQL server! Error: Access denied for user 'onq8_realestate2'@'fg.johnabbott.qc.ca' (using password: YES) [] []
[2017-11-08 19:01:06] main.ERROR: SQL ERROR: Unable to connect to MySQL server! Error: Access denied for user 'onq8_realestate2'@'fg.johnabbott.qc.ca' (using password: YES) [] []
[2017-11-08 19:01:07] main.ERROR: SQL ERROR: Unable to connect to MySQL server! Error: Access denied for user 'onq8_realestate2'@'fg.johnabbott.qc.ca' (using password: YES) [] []
[2017-11-08 19:01:08] main.ERROR: SQL ERROR: Unable to connect to MySQL server! Error: Access denied for user 'onq8_realestate2'@'fg.johnabbott.qc.ca' (using password: YES) [] []
[2017-11-08 19:01:19] main.ERROR: SQL ERROR: Unable to connect to MySQL server! Error: Access denied for user 'onq8_realestate2'@'fg.johnabbott.qc.ca' (using password: YES) [] []
[2017-11-08 19:05:13] main.ERROR: SQL ERROR: Unable to connect to MySQL server! Error: Access denied for user 'onq8_realestate2'@'fg.johnabbott.qc.ca' (using password: YES) [] []
[2017-11-08 19:05:13] main.ERROR: SQL ERROR: Unable to connect to MySQL server! Error: Access denied for user 'onq8_realestate2'@'fg.johnabbott.qc.ca' (using password: YES) [] []
[2017-11-08 19:05:13] main.ERROR: SQL ERROR: Unable to connect to MySQL server! Error: Access denied for user 'onq8_realestate2'@'fg.johnabbott.qc.ca' (using password: YES) [] []
[2017-11-08 19:05:13] main.ERROR: SQL ERROR: Unable to connect to MySQL server! Error: Access denied for user 'onq8_realestate2'@'fg.johnabbott.qc.ca' (using password: YES) [] []
[2017-11-08 19:05:14] main.ERROR: SQL ERROR: Unable to connect to MySQL server! Error: Access denied for user 'onq8_realestate2'@'fg.johnabbott.qc.ca' (using password: YES) [] []
[2017-11-08 19:05:14] main.ERROR: SQL ERROR: Unable to connect to MySQL server! Error: Access denied for user 'onq8_realestate2'@'fg.johnabbott.qc.ca' (using password: YES) [] []
[2017-11-08 19:05:14] main.ERROR: SQL ERROR: Unable to connect to MySQL server! Error: Access denied for user 'onq8_realestate2'@'fg.johnabbott.qc.ca' (using password: YES) [] []
[2017-11-08 19:05:14] main.ERROR: SQL ERROR: Unable to connect to MySQL server! Error: Access denied for user 'onq8_realestate2'@'fg.johnabbott.qc.ca' (using password: YES) [] []
[2017-11-08 19:05:15] main.ERROR: SQL ERROR: Unable to connect to MySQL server! Error: Access denied for user 'onq8_realestate2'@'fg.johnabbott.qc.ca' (using password: YES) [] []
[2017-11-08 19:05:15] main.ERROR: SQL ERROR: Unable to connect to MySQL server! Error: Access denied for user 'onq8_realestate2'@'fg.johnabbott.qc.ca' (using password: YES) [] []
[2017-11-08 19:05:26] main.ERROR: SQL ERROR: Unable to connect to MySQL server! Error: Access denied for user 'onq8_realestate2'@'fg.johnabbott.qc.ca' (using password: YES) [] []
[2017-11-09 07:58:08] main.ERROR: SQL ERROR: Unable to connect to MySQL server! Error: Access denied for user 'onq8_realestate2'@'23.252.46.242' (using password: YES) [] []
[2017-11-09 07:59:07] main.ERROR: SQL ERROR: Unable to connect to MySQL server! Error: Access denied for user 'onq8_realestate2'@'23.252.46.242' (using password: YES) [] []
[2017-11-09 07:59:12] main.ERROR: SQL ERROR: Unable to connect to MySQL server! Error: Access denied for user 'onq8_realestate2'@'23.252.46.242' (using password: YES) [] []
[2017-11-09 08:00:06] main.ERROR: SQL ERROR: Unable to connect to MySQL server! Error: Access denied for user 'onq8_realestate2'@'23.252.46.242' (using password: YES) [] []
[2017-11-09 08:03:25] main.ERROR: SQL ERROR: Unable to connect to MySQL server! Error: Access denied for user 'onq8_realestate2'@'23.252.46.242' (using password: YES) [] []
[2017-11-09 08:05:23] main.ERROR: SQL ERROR: Unable to connect to MySQL server! Error: Access denied for user 'onq8_realestate2'@'23.252.46.242' (using password: YES) [] []
[2017-11-09 08:41:19] main.ERROR: SQL ERROR: Unable to connect to MySQL server! Error: Access denied for user 'onq8_realestate2'@'23.252.46.242' (using password: YES) [] []
[2017-11-09 09:28:26] main.ERROR: SQL ERROR: Unable to connect to MySQL server! Error: Access denied for user 'onq8_realestate2'@'23.252.46.242' (using password: YES) [] []
[2017-11-09 09:53:39] main.ERROR: SQL ERROR: Unable to connect to MySQL server! Error: Access denied for user 'onq8_realestate2'@'localhost' (using password: YES) [] []
[2017-11-09 10:28:34] main.ERROR: SQL ERROR: Column 'address' cannot be null [] []
[2017-11-09 10:28:34] main.ERROR: in query: INSERT INTO `users` (`name`,`username`,`email`,`password`,`userRole`,`phone`,`address`) VALUES ('momen', 'momen', 'mo2menuc@gmail.com', '$2y$10$PgWLXpwi5A2FJkNpBJeWMeF4.BoNxtl.Wkqc0q8VDXfEvvq.Frq2W', 'buyer', '514-619-6420', NULL) [] []
[2017-11-09 10:42:55] main.ERROR: SQL ERROR: Column 'address' cannot be null [] []
[2017-11-09 10:42:55] main.ERROR: in query: INSERT INTO `users` (`name`,`username`,`email`,`password`,`userRole`,`phone`,`address`) VALUES ('adam', 'adam', 'adam@adam.com', '$2y$10$eZuT2MsnzvQ7OQpuMzfgyOCRtn7drqe3qJl/fDUgLOhlGDT.jf69y', 'seller', '514346346', NULL) [] []
[2017-11-09 10:45:46] main.ERROR: SQL ERROR: Column 'address' cannot be null [] []
[2017-11-09 10:45:46] main.ERROR: in query: INSERT INTO `users` (`name`,`username`,`email`,`password`,`userRole`,`phone`,`address`) VALUES ('jhgfdsg', 'hgjfhdgsfh', 'hgjfds@hkjgf.hgf', '$2y$10$5FH.KeP0WpKLfejU4IgBvei4sZXxFKnD01tKoDFT2clckwFwJYpQu', 'buyer', '098765', NULL) [] []
[2017-11-09 10:46:07] main.ERROR: SQL ERROR: Column 'address' cannot be null [] []
[2017-11-09 10:46:07] main.ERROR: in query: INSERT INTO `users` (`name`,`username`,`email`,`password`,`userRole`,`phone`,`address`) VALUES ('jhgfdsg', 'hgjfhdgsfh', 'hgjfds@hkjgf.hgf', '$2y$10$uDPkyfuLCgySMiK4hR0kFOU8bD3jL1l7Gxj7Cs.Dht2ikB7CFJl/W', 'buyer', '098765', NULL) [] []
[2017-11-09 10:47:14] main.ERROR: SQL ERROR: Column 'address' cannot be null [] []
[2017-11-09 10:47:14] main.ERROR: in query: INSERT INTO `users` (`name`,`username`,`email`,`password`,`userRole`,`phone`,`address`) VALUES ('jhgfdsg', 'hgjfhdgsfh', 'hgjfds@hkjgf.hgf', '$2y$10$W7ag5Hhji17ZSSq0svuvnOwqBi3tXL15BKWRkGNU4disL9sjyKZ5S', 'buyer', '098765', NULL) [] []
[2017-11-09 10:47:30] main.ERROR: SQL ERROR: Column 'address' cannot be null [] []
[2017-11-09 10:47:30] main.ERROR: in query: INSERT INTO `users` (`name`,`username`,`email`,`password`,`userRole`,`phone`,`address`) VALUES ('jhgfdsg', 'hgjfhdgsfh', 'hgjfds@hkjgf.hgf', '$2y$10$m1dio09rwbOH5UKly1Iorulf.DtExE6ghifyh3TXAv4.kjcD8VP8a', 'buyer', '098765', NULL) [] []
[2017-11-09 16:46:28] main.ERROR: SQL ERROR: Unable to connect to MySQL server! Error: Access denied for user 'onq8_realestate2'@'fg.johnabbott.qc.ca' (using password: YES) [] []
[2017-11-09 16:46:28] main.ERROR: SQL ERROR: Unable to connect to MySQL server! Error: Access denied for user 'onq8_realestate2'@'fg.johnabbott.qc.ca' (using password: YES) [] []
[2017-11-09 16:46:29] main.ERROR: SQL ERROR: Unable to connect to MySQL server! Error: Access denied for user 'onq8_realestate2'@'fg.johnabbott.qc.ca' (using password: YES) [] []
[2017-11-09 16:46:29] main.ERROR: SQL ERROR: Unable to connect to MySQL server! Error: Access denied for user 'onq8_realestate2'@'fg.johnabbott.qc.ca' (using password: YES) [] []
[2017-11-09 16:46:29] main.ERROR: SQL ERROR: Unable to connect to MySQL server! Error: Access denied for user 'onq8_realestate2'@'fg.johnabbott.qc.ca' (using password: YES) [] []
[2017-11-09 16:46:29] main.ERROR: SQL ERROR: Unable to connect to MySQL server! Error: Access denied for user 'onq8_realestate2'@'fg.johnabbott.qc.ca' (using password: YES) [] []
[2017-11-09 16:46:30] main.ERROR: SQL ERROR: Unable to connect to MySQL server! Error: Access denied for user 'onq8_realestate2'@'fg.johnabbott.qc.ca' (using password: YES) [] []
[2017-11-09 16:46:30] main.ERROR: SQL ERROR: Unable to connect to MySQL server! Error: Access denied for user 'onq8_realestate2'@'fg.johnabbott.qc.ca' (using password: YES) [] []
[2017-11-09 16:46:30] main.ERROR: SQL ERROR: Unable to connect to MySQL server! Error: Access denied for user 'onq8_realestate2'@'fg.johnabbott.qc.ca' (using password: YES) [] []
[2017-11-09 16:46:30] main.ERROR: SQL ERROR: Unable to connect to MySQL server! Error: Access denied for user 'onq8_realestate2'@'fg.johnabbott.qc.ca' (using password: YES) [] []
[2017-11-09 16:46:30] main.ERROR: SQL ERROR: Unable to connect to MySQL server! Error: Access denied for user 'onq8_realestate2'@'fg.johnabbott.qc.ca' (using password: YES) [] []
[2017-11-09 16:46:31] main.ERROR: SQL ERROR: Unable to connect to MySQL server! Error: Access denied for user 'onq8_realestate2'@'fg.johnabbott.qc.ca' (using password: YES) [] []
[2017-11-09 16:46:31] main.ERROR: SQL ERROR: Unable to connect to MySQL server! Error: Access denied for user 'onq8_realestate2'@'fg.johnabbott.qc.ca' (using password: YES) [] []
[2017-11-09 16:46:31] main.ERROR: SQL ERROR: Unable to connect to MySQL server! Error: Access denied for user 'onq8_realestate2'@'fg.johnabbott.qc.ca' (using password: YES) [] []
[2017-11-09 16:46:31] main.ERROR: SQL ERROR: Unable to connect to MySQL server! Error: Access denied for user 'onq8_realestate2'@'fg.johnabbott.qc.ca' (using password: YES) [] []
[2017-11-09 16:46:32] main.ERROR: SQL ERROR: Unable to connect to MySQL server! Error: Access denied for user 'onq8_realestate2'@'fg.johnabbott.qc.ca' (using password: YES) [] []
[2017-11-09 16:46:32] main.ERROR: SQL ERROR: Unable to connect to MySQL server! Error: Access denied for user 'onq8_realestate2'@'fg.johnabbott.qc.ca' (using password: YES) [] []
[2017-11-09 16:46:32] main.ERROR: SQL ERROR: Unable to connect to MySQL server! Error: Access denied for user 'onq8_realestate2'@'fg.johnabbott.qc.ca' (using password: YES) [] []
[2017-11-09 16:46:32] main.ERROR: SQL ERROR: Unable to connect to MySQL server! Error: Access denied for user 'onq8_realestate2'@'fg.johnabbott.qc.ca' (using password: YES) [] []
[2017-11-09 16:46:33] main.ERROR: SQL ERROR: Unable to connect to MySQL server! Error: Access denied for user 'onq8_realestate2'@'fg.johnabbott.qc.ca' (using password: YES) [] []
[2017-11-09 16:46:33] main.ERROR: SQL ERROR: Unable to connect to MySQL server! Error: Access denied for user 'onq8_realestate2'@'fg.johnabbott.qc.ca' (using password: YES) [] []
[2017-11-09 16:46:34] main.ERROR: SQL ERROR: Unable to connect to MySQL server! Error: Access denied for user 'onq8_realestate2'@'fg.johnabbott.qc.ca' (using password: YES) [] []
[2017-11-09 16:46:35] main.ERROR: SQL ERROR: Unable to connect to MySQL server! Error: Access denied for user 'onq8_realestate2'@'fg.johnabbott.qc.ca' (using password: YES) [] []
[2017-11-09 16:46:55] main.ERROR: SQL ERROR: Unable to connect to MySQL server! Error: Access denied for user 'onq8_realestate2'@'fg.johnabbott.qc.ca' (using password: YES) [] []
[2017-11-09 17:57:17] main.ERROR: SQL ERROR: Column 'parking' cannot be null [] []
[2017-11-09 17:57:17] main.ERROR: in query: INSERT INTO `property` (`title`,`propertyType`,`latitude`,`longitude`,`room`,`bath`,`Parking`,`price`,`description`,`squreFeet`,`userId`) VALUES ('Title 2', 'house', '75', '120', '3', '1', NULL, '490', 'Description Description Description', '290', '5') [] []
[2017-11-09 18:10:33] main.ERROR: SQL ERROR: Column 'parking' cannot be null [] []
[2017-11-09 18:10:33] main.ERROR: in query: INSERT INTO `property` (`title`,`propertyType`,`latitude`,`longitude`,`room`,`bath`,`Parking`,`price`,`description`,`squreFeet`,`userId`) VALUES ('Title 3', 'townHouse', '12', '120', '3', '1', NULL, '130', 'Description Description Description', '220', '5') [] []
[2017-11-09 18:15:37] main.ERROR: SQL ERROR: Column 'parking' cannot be null [] []
[2017-11-09 18:15:37] main.ERROR: in query: INSERT INTO `property` (`title`,`propertyType`,`latitude`,`longitude`,`room`,`bath`,`Parking`,`price`,`description`,`squreFeet`,`userId`) VALUES ('Title 3', 'duplex', '70', '120', '3', '1', NULL, '346', 'Description Description Description', '2456', '5') [] []
